Arguments: 
  C:\Program Files\nodejs\node.exe C:\Users\acast\AppData\Roaming\npm\node_modules\yarn\bin\yarn.js add --dev classnames

PATH: 
  C:\Windows\system32;C:\Windows;C:\Windows\System32\Wbem;C:\Windows\System32\WindowsPowerShell\v1.0\;C:\Windows\System32\OpenSSH\;C:\Program Files\AutoFirma\AutoFirma;C:\Program Files\Git\cmd;C:\ProgramData\chocolatey\bin;%NVM_HOME%;%NVM_SYMLINK%;C:\Program Files\Amazon\AWSCLIV2\;C:\Program Files\PuTTY\;C:\Users\acast\AppData\Local\Microsoft\WindowsApps;C:\Users\acast\AppData\Local\Programs\Microsoft VS Code\bin;C:\Users\acast\AppData\Local\nvs\;C:\Users\acast\AppData\Roaming\npm;C:\Users\acast\AppData\Roaming\nvm;C:\Program Files\nodejs

Yarn version: 
  1.22.10

Node version: 
  14.17.3

Platform: 
  win32 x64

Trace: 
  Error: EPERM: operation not permitted, unlink 'C:\Users\acast\Documents\Cursos\openwebinars\React para principiantes\React-course-wishlist\node_modules\deasync\bin\win32-x64-node-14\deasync.node'

npm manifest: 
  {
    "name": "react-course-wishlist",
    "version": "1.0.0",
    "description": "",
    "main": "index.js",
    "scripts": {
      "start": "parcel index.html"
    },
    "author": "",
    "license": "ISC",
    "dependencies": {
      "react": "^17.0.2",
      "react-dom": "^17.0.2"
    },
    "devDependencies": {
      "parcel-bundler": "^1.12.5"
    }
  }

yarn manifest: 
  No manifest

Lockfile: 
  No lockfile
